<?xml version="1.0" encoding="UTF-8"?>
<!-- Generated by org.testng.reporters.JUnitXMLReporter -->
<testsuite ignored="1" hostname="DESKTOP-UCOHM4L" failures="0" tests="5" name="Default test" time="14.763" errors="0" timestamp="2025-01-04T20:44:35 EET">
  <testcase classname="StanderUser.MainTestCase" name="Login" time="0.435"/>
  <testcase classname="StanderUser.MainTestCase" name="AddAllItemToCard" time="2.244"/>
  <testcase classname="StanderUser.MainTestCase" name="AddItemThatStartWithSouse" time="2.319"/>
  <testcase classname="StanderUser.MainTestCase" name="AddRandomItem" time="2.207"/>
  <testcase classname="StanderUser.MainTestCase" name="Checkout" time="2.771"/>
  <testcase classname="StanderUser.MainTestCase" name="AddCertainNumofItem" time="0.0">
    <ignored/>
  </testcase> <!-- AddCertainNumofItem -->
</testsuite> <!-- Default test -->
