<?xml version="1.0" encoding="UTF-8"?>
<testng-results ignored="1" total="6" passed="5" failed="0" skipped="0">
  <reporter-output>
  </reporter-output>
  <suite started-at="2025-01-04T20:44:20 EET" name="Default suite" finished-at="2025-01-04T20:44:35 EET" duration-ms="14763">
    <groups>
    </groups>
    <test started-at="2025-01-04T20:44:20 EET" name="Default test" finished-at="2025-01-04T20:44:35 EET" duration-ms="14763">
      <class name="StanderUser.MainTestCase">
        <test-method is-config="true" signature="MySetup()[pri:0, instance:StanderUser.MainTestCase@6e35bc3d]" started-at="2025-01-04T20:44:20 EET" name="MySetup" finished-at="2025-01-04T20:44:25 EET" duration-ms="4687" status="PASS">
          <reporter-output>
          </reporter-output>
        </test-method> <!-- MySetup -->
        <test-method signature="Login()[pri:1, instance:StanderUser.MainTestCase@6e35bc3d]" started-at="2025-01-04T20:44:25 EET" name="Login" finished-at="2025-01-04T20:44:25 EET" duration-ms="435" status="PASS">
          <reporter-output>
          </reporter-output>
        </test-method> <!-- Login -->
        <test-method signature="AddAllItemToCard()[pri:2, instance:StanderUser.MainTestCase@6e35bc3d]" started-at="2025-01-04T20:44:25 EET" name="AddAllItemToCard" finished-at="2025-01-04T20:44:27 EET" duration-ms="2244" status="PASS">
          <reporter-output>
          </reporter-output>
        </test-method> <!-- AddAllItemToCard -->
        <test-method signature="AddItemThatStartWithSouse()[pri:2, instance:StanderUser.MainTestCase@6e35bc3d]" started-at="2025-01-04T20:44:27 EET" name="AddItemThatStartWithSouse" finished-at="2025-01-04T20:44:30 EET" duration-ms="2319" status="PASS">
          <reporter-output>
          </reporter-output>
        </test-method> <!-- AddItemThatStartWithSouse -->
        <test-method signature="AddRandomItem()[pri:2, instance:StanderUser.MainTestCase@6e35bc3d]" started-at="2025-01-04T20:44:30 EET" name="AddRandomItem" finished-at="2025-01-04T20:44:32 EET" duration-ms="2207" status="PASS">
          <reporter-output>
          </reporter-output>
        </test-method> <!-- AddRandomItem -->
        <test-method signature="Checkout()[pri:3, instance:StanderUser.MainTestCase@6e35bc3d]" started-at="2025-01-04T20:44:32 EET" name="Checkout" finished-at="2025-01-04T20:44:35 EET" duration-ms="2771" status="PASS">
          <reporter-output>
          </reporter-output>
        </test-method> <!-- Checkout -->
      </class> <!-- StanderUser.MainTestCase -->
    </test> <!-- Default test -->
  </suite> <!-- Default suite -->
</testng-results>
